<?xml version="1.0" encoding="utf-8"?><testsuites name="pytest tests"><testsuite name="pytest" errors="0" failures="0" skipped="0" tests="4" time="0.037" timestamp="2026-09-14T17:26:30.741600+05:30" hostname="NDI-MB-281"><testcase classname="tests.behavior.test_story_1_1" name="test_stagesql_creates_a_storage_integration_and_binds_the_stage_to_it" time="0.006" /><testcase classname="tests.behavior.test_story_1_1" name="test_copy_intosql_no_longer_contains_any_credentials_clause" time="0.003" /><testcase classname="tests.behavior.test_story_1_1" name="test_repowide_search_for_aws_key_literals_returns_zero_matches" time="0.002" /><testcase classname="tests.behavior.test_story_1_1" name="test_edited_sql_is_syntactically_valid_snowflake_ddldml_without_a_live_account" time="0.004" /></testsuite></testsuites>