<?xml version="1.0" encoding="utf-8"?><testsuites name="pytest tests"><testsuite name="pytest" errors="0" failures="0" skipped="0" tests="5" time="0.038" timestamp="2026-09-16T09:58:55.719064+00:00" hostname="84068319edaa"><testcase classname="tests.behavior.test_story_1_2" name="test_account_user_password_role_and_warehouse_are_env_var_references" time="0.003" /><testcase classname="tests.behavior.test_story_1_2" name="test_schema_threads_and_type_remain_literal" time="0.002" /><testcase classname="tests.behavior.test_story_1_2" name="test_required_environment_variable_names_are_documented" time="0.002" /><testcase classname="tests.behavior.test_story_1_2" name="test_repowide_search_for_a_literal_secret_value_returns_zero_matches" time="0.002" /><testcase classname="tests.behavior.test_story_1_2" name="test_profilesyml_remains_valid_yaml" time="0.002" /></testsuite></testsuites>